<?xml version="1.0" encoding="UTF-8"?>
<testng-results ignored="0" total="1" passed="1" failed="0" skipped="0">
  <reporter-output>
  </reporter-output>
  <suite started-at="2023-01-10T16:20:25 EST" name="Default suite" finished-at="2023-01-10T16:20:29 EST" duration-ms="4183">
    <groups>
    </groups>
    <test started-at="2023-01-10T16:20:25 EST" name="Default test" finished-at="2023-01-10T16:20:29 EST" duration-ms="4183">
      <class name="com.test.run.FinalPostTestRun">
        <test-method is-config="true" signature="before()[pri:0, instance:com.test.run.FinalPostTestRun@5e600dd5]" started-at="2023-01-10T16:20:25 EST" name="before" finished-at="2023-01-10T16:20:25 EST" duration-ms="226" status="PASS">
          <reporter-output>
          </reporter-output>
        </test-method> <!-- before -->
        <test-method is-config="true" signature="setUp(java.lang.reflect.Method)[pri:0, instance:com.test.run.FinalPostTestRun@5e600dd5]" started-at="2023-01-10T16:20:25 EST" name="setUp" finished-at="2023-01-10T16:20:25 EST" duration-ms="5" status="PASS">
          <params>
            <param index="0">
              <value>
                <![CDATA[public void com.test.run.FinalPostTestRun.postTestCases()]]>
              </value>
            </param>
          </params>
          <reporter-output>
          </reporter-output>
        </test-method> <!-- setUp -->
        <test-method signature="postTestCases()[pri:0, instance:com.test.run.FinalPostTestRun@5e600dd5]" started-at="2023-01-10T16:20:25 EST" name="postTestCases" finished-at="2023-01-10T16:20:29 EST" duration-ms="3457" status="PASS">
          <reporter-output>
          </reporter-output>
        </test-method> <!-- postTestCases -->
        <test-method is-config="true" signature="aftermethod(org.testng.ITestResult)[pri:0, instance:com.test.run.FinalPostTestRun@5e600dd5]" started-at="2023-01-10T16:20:29 EST" name="aftermethod" finished-at="2023-01-10T16:20:29 EST" duration-ms="40" status="PASS">
          <params>
            <param index="0">
              <value>
                <![CDATA[[TestResult name=postTestCases status=SUCCESS method=FinalPostTestRun.postTestCases()[pri:0, instance:com.test.run.FinalPostTestRun@5e600dd5] output={null}]]]>
              </value>
            </param>
          </params>
          <reporter-output>
          </reporter-output>
        </test-method> <!-- aftermethod -->
        <test-method is-config="true" signature="sfterSuite()[pri:0, instance:com.test.run.FinalPostTestRun@5e600dd5]" started-at="2023-01-10T16:20:29 EST" name="sfterSuite" finished-at="2023-01-10T16:20:29 EST" duration-ms="412" status="PASS">
          <reporter-output>
          </reporter-output>
        </test-method> <!-- sfterSuite -->
      </class> <!-- com.test.run.FinalPostTestRun -->
    </test> <!-- Default test -->
  </suite> <!-- Default suite -->
</testng-results>
